[Bootstrap]
SetupTitle=Install
SetupText=Copying Files, please stand by.
CabFile=poemgame.CAB
Spawn=Setup1.exe
Uninstal=st6unst.exe
TmpDir=msftqws.pdw
Cabs=1

[Bootstrap Files]
File1=@VB6STKIT.DLL,$(WinSysPathSysFile),,,6/1/99 12:00:00 AM,101888,6.0.84.50
File2=@COMCAT.DLL,$(WinSysPathSysFile),$(DLLSelfRegister),,5/31/98 12:00:00 AM,22288,4.71.1460.1
File3=@STDOLE2.TLB,$(WinSysPathSysFile),$(TLBRegister),,6/3/99 12:00:00 AM,17920,2.40.4275.1
File4=@ASYCFILT.DLL,$(WinSysPathSysFile),,,3/8/99 12:00:00 AM,147728,2.40.4275.1
File5=@OLEPRO32.DLL,$(WinSysPathSysFile),$(DLLSelfRegister),,3/8/99 12:00:00 AM,164112,5.0.4275.1
File6=@OLEAUT32.DLL,$(WinSysPathSysFile),$(DLLSelfRegister),,4/12/00 12:00:00 AM,598288,2.40.4275.1
File7=@MSVBVM60.DLL,$(WinSysPathSysFile),$(DLLSelfRegister),,5/27/00 12:00:00 AM,1388544,6.0.88.77

[IconGroups]
Group0=Poem Game
PrivateGroup0=0
Parent0=$(Programs)

[Poem Game]
Icon1="poemgame.exe"
Title1=Poem Game
StartIn1=$(AppPath)

[Setup]
Title=Poem Game 2.12
DefaultDir=$(ProgramFiles)\Poem Game
AppExe=poemgame.exe
AppToUninstall=poemgame.exe

[Setup1 Files]
File1=@prefs.ini,$(AppPath),,,7/15/01 8:35:10 PM,57,0.0.0.0
File2=@MSDERUN.DLL,$(CommonFiles)\designer,$(DLLSelfRegister),$(Shared),3/14/00 12:00:00 AM,136192,6.0.88.4
File3=@Mswinsck.ocx,$(WinSysPath),$(DLLSelfRegister),$(Shared),12/6/00 12:00:00 AM,109248,6.0.89.88
File4=@poemgame.exe,$(AppPath),,,7/21/01 1:48:24 AM,163840,2.1.0.2
